Arguments: 
  /usr/local/bin/node /usr/local/bin/yarn add typescript @types/nodejs

PATH: 
  /home/denis/.rvm/gems/ruby-3.0.0/bin:/home/denis/.rvm/gems/ruby-3.0.0@global/bin:/home/denis/.rvm/rubies/ruby-3.0.0/bin:/home/denis/.local/bin:/usr/local/sbin:/usr/local/bin:/usr/sbin:/usr/bin:/sbin:/bin:/usr/games:/usr/local/games:/snap/bin:/snap/bin:/home/denis/.rvm/bin:/home/denis/.rvm/bin

Yarn version: 
  1.22.15

Node version: 
  14.18.0

Platform: 
  linux x64

Trace: 
  Error: https://registry.yarnpkg.com/@types%2fnodejs: Not found
      at Request.params.callback [as _callback] (/usr/local/lib/node_modules/yarn/lib/cli.js:66140:18)
      at Request.self.callback (/usr/local/lib/node_modules/yarn/lib/cli.js:140885:22)
      at Request.emit (events.js:400:28)
      at Request.<anonymous> (/usr/local/lib/node_modules/yarn/lib/cli.js:141857:10)
      at Request.emit (events.js:400:28)
      at IncomingMessage.<anonymous> (/usr/local/lib/node_modules/yarn/lib/cli.js:141779:12)
      at Object.onceWrapper (events.js:519:28)
      at IncomingMessage.emit (events.js:412:35)
      at endReadableNT (internal/streams/readable.js:1334:12)
      at processTicksAndRejections (internal/process/task_queues.js:82:21)

npm manifest: 
  {
    "name": "api",
    "version": "1.0.0",
    "main": "index.js",
    "author": "Denis Maurin",
    "license": "MIT",
    "private": true
  }

yarn manifest: 
  No manifest

Lockfile: 
  No lockfile
